[2018-11-16T04:23:35,136][INFO ][o.e.n.Node               ] [] initializing ...
[2018-11-16T04:23:35,300][INFO ][o.e.e.NodeEnvironment    ] [osz1Bu-] using [1] data paths, mounts [[/buildeng (/dev/md127)]], net usable_space [1.3tb], net total_space [1.6tb], spins? [possibly], types [ext4]
[2018-11-16T04:23:35,300][INFO ][o.e.e.NodeEnvironment    ] [osz1Bu-] heap size [1.9gb], compressed ordinary object pointers [true]
[2018-11-16T04:23:35,301][INFO ][o.e.n.Node               ] node name [osz1Bu-] derived from node ID [osz1Bu-STiOzEcnuXa0cmA]; set [node.name] to override
[2018-11-16T04:23:35,302][INFO ][o.e.n.Node               ] version[5.5.3], pid[21806], build[9305a5e/2017-09-07T15:56:59.599Z], OS[Linux/4.14.63-coreos/amd64], JVM[Oracle Corporation/Java HotSpot(TM) 64-Bit Server VM/1.8.0_172/25.172-b11]
[2018-11-16T04:23:35,302][INFO ][o.e.n.Node               ] JVM arguments [-XX:+IgnoreUnrecognizedVMOptions, -XX:+UnlockExperimentalVMOptions, -XX:+UseCGroupMemoryLimitForHeap, -Xms2g, -Xmx2g, -XX:+UseConcMarkSweepGC, -XX:CMSInitiatingOccupancyFraction=75, -XX:+UseCMSInitiatingOccupancyOnly, -XX:+AlwaysPreTouch, -Xss1m, -Djava.awt.headless=true, -Dfile.encoding=UTF-8, -Djna.nosys=true, -Djdk.io.permissionsUseCanonicalPath=true, -Dio.netty.noUnsafe=true, -Dio.netty.noKeySetOptimization=true, -Dio.netty.recycler.maxCapacityPerThread=0, -Dlog4j.shutdownHookEnabled=false, -Dlog4j2.disable.jmx=true, -Dlog4j.skipJansi=true, -XX:+HeapDumpOnOutOfMemoryError]
[2018-11-16T04:23:35,868][INFO ][o.e.p.PluginsService     ] [osz1Bu-] loaded module [aggs-matrix-stats]
[2018-11-16T04:23:35,868][INFO ][o.e.p.PluginsService     ] [osz1Bu-] loaded module [ingest-common]
[2018-11-16T04:23:35,868][INFO ][o.e.p.PluginsService     ] [osz1Bu-] loaded module [lang-expression]
[2018-11-16T04:23:35,868][INFO ][o.e.p.PluginsService     ] [osz1Bu-] loaded module [lang-groovy]
[2018-11-16T04:23:35,868][INFO ][o.e.p.PluginsService     ] [osz1Bu-] loaded module [lang-mustache]
[2018-11-16T04:23:35,868][INFO ][o.e.p.PluginsService     ] [osz1Bu-] loaded module [lang-painless]
[2018-11-16T04:23:35,868][INFO ][o.e.p.PluginsService     ] [osz1Bu-] loaded module [parent-join]
[2018-11-16T04:23:35,868][INFO ][o.e.p.PluginsService     ] [osz1Bu-] loaded module [percolator]
[2018-11-16T04:23:35,868][INFO ][o.e.p.PluginsService     ] [osz1Bu-] loaded module [reindex]
[2018-11-16T04:23:35,868][INFO ][o.e.p.PluginsService     ] [osz1Bu-] loaded module [transport-netty3]
[2018-11-16T04:23:35,868][INFO ][o.e.p.PluginsService     ] [osz1Bu-] loaded module [transport-netty4]
[2018-11-16T04:23:35,869][INFO ][o.e.p.PluginsService     ] [osz1Bu-] no plugins loaded
[2018-11-16T04:23:37,171][INFO ][o.e.d.DiscoveryModule    ] [osz1Bu-] using discovery type [zen]
[2018-11-16T04:23:37,596][INFO ][o.e.n.Node               ] initialized
[2018-11-16T04:23:37,597][INFO ][o.e.n.Node               ] [osz1Bu-] starting ...
[2018-11-16T04:23:37,741][INFO ][o.e.t.TransportService   ] [osz1Bu-] publish_address {127.0.0.1:7993}, bound_addresses {127.0.0.1:7993}
[2018-11-16T04:23:40,787][INFO ][o.e.c.s.ClusterService   ] [osz1Bu-] new_master {osz1Bu-}{osz1Bu-STiOzEcnuXa0cmA}{_BZxpoTaSZ-sEYKsqBvrGQ}{127.0.0.1}{127.0.0.1:7993}, reason: zen-disco-elected-as-master ([0] nodes joined)
[2018-11-16T04:23:40,805][INFO ][o.e.h.n.Netty4HttpServerTransport] [osz1Bu-] publish_address {127.0.0.1:7992}, bound_addresses {127.0.0.1:7992}
[2018-11-16T04:23:40,805][INFO ][o.e.n.Node               ] [osz1Bu-] started
[2018-11-16T04:23:40,808][INFO ][o.e.g.GatewayService     ] [osz1Bu-] recovered [0] indices into cluster_state
[2018-11-16T04:23:51,837][INFO ][o.e.c.m.MetaDataCreateIndexService] [osz1Bu-] [bitbucket-search-v1] creating index, cause [api], templates [], shards [5]/[1], mappings [file, project, repository, indexstate]
[2018-11-16T04:23:52,445][INFO ][o.e.c.m.MetaDataMappingService] [osz1Bu-] [bitbucket-search-v1/p2EyRAY1TjunvtKuqTF-zQ] create_mapping [indexversion]
[2018-11-16T04:23:53,097][INFO ][o.e.n.Node               ] [osz1Bu-] stopping ...
[2018-11-16T04:23:53,319][INFO ][o.e.n.Node               ] [osz1Bu-] stopped
[2018-11-16T04:23:53,320][INFO ][o.e.n.Node               ] [osz1Bu-] closing ...
[2018-11-16T04:23:53,327][INFO ][o.e.n.Node               ] [osz1Bu-] closed
